GROUP,PACKAGE,CLASS,INSTRUCTION_MISSED,INSTRUCTION_COVERED,BRANCH_MISSED,BRANCH_COVERED,LINE_MISSED,LINE_COVERED,COMPLEXITY_MISSED,COMPLEXITY_COVERED,METHOD_MISSED,METHOD_COVERED
file-mime-checker,com.springlesson.filemimechecker.core,FileMimeCore,3,111,2,10,2,29,2,8,0,4
file-mime-checker,com.springlesson.filemimechecker,FileMimeCheckerApplication,69,3,8,0,17,1,5,1,1,1
file-mime-checker,com.springlesson.filemimechecker.core.model,MimeDetectionResult,0,25,0,0,0,6,0,4,0,4
file-mime-checker,com.springlesson.filemimechecker.core.model,MimeDetectionResult.Builder,7,20,0,0,2,5,1,3,1,3
file-mime-checker,com.springlesson.filemimechecker.cli,CLIFileMimeController,32,0,2,0,8,0,3,0,2,0
file-mime-checker,com.springlesson.filemimechecker.core.strategy,TikaMimeDetectionStrategy,12,8,4,0,3,2,3,1,1,1
file-mime-checker,com.springlesson.filemimechecker.web,FileMimeController,11,8,0,0,3,2,1,1,1,1
