<?xml version="1.0" encoding="UTF-8"?>
<testsuite xmlns:xsi="http://www.w3.org/2001/XMLSchema-instance" xsi:noNamespaceSchemaLocation="https://maven.apache.org/surefire/maven-surefire-plugin/xsd/surefire-test-report.xsd" version="3.0.2" name="com.springlesson.filemimechecker.FileMimeCheckerApplicationTests" time="5.065" tests="1" errors="0" skipped="0" failures="0" flakes="0">
  <properties>
[...]
</properties>
  <testcase name="contextLoads" classname="com.springlesson.filemimechecker.FileMimeCheckerApplicationTests" time="0.903">
    <system-out><![CDATA[15:37:53.289 [main] INFO org.springframework.test.context.support.AnnotationConfigContextLoaderUtils -- Could not detect default configuration classes for test class [com.springlesson.filemimechecker.FileMimeCheckerApplicationTests]: FileMimeCheckerApplicationTests does not declare any static, non-private, non-final, nested classes annotated with @Configuration.
15:37:53.544 [main] INFO org.springframework.boot.test.context.SpringBootTestContextBootstrapper -- Found @SpringBootConfiguration com.springlesson.filemimechecker.FileMimeCheckerApplication for test class com.springlesson.filemimechecker.FileMimeCheckerApplicationTests
15:37:53.766 [main] INFO org.springframework.test.context.support.AnnotationConfigContextLoaderUtils -- Could not detect default configuration classes for test class [com.springlesson.filemimechecker.FileMimeCheckerApplicationTests]: FileMimeCheckerApplicationTests does not declare any static, non-private, non-final, nested classes annotated with @Configuration.
15:37:53.769 [main] INFO org.springframework.boot.test.context.SpringBootTestContextBootstrapper -- Found @SpringBootConfiguration com.springlesson.filemimechecker.FileMimeCheckerApplication for test class com.springlesson.filemimechecker.FileMimeCheckerApplicationTests

  .   ____          _            __ _ _
 /\\ / ___'_ __ _ _(_)_ __  __ _ \ \ \ \
( ( )\___ | '_ | '_| | '_ \/ _` | \ \ \ \
 \\/  ___)| |_)| | | | | || (_| |  ) ) ) )
  '  |____| .__|_| |_|_| |_\__, | / / / /
 =========|_|==============|___/=/_/_/_/

 :: Spring Boot ::                (v4.0.5)

2026-04-14T15:37:54.495+09:00  INFO 1634198 --- [file-mime-checker] [           main] c.s.f.FileMimeCheckerApplicationTests    : Starting FileMimeCheckerApplicationTests using Java 21.0.10 with PID 1634198 (started by yjlee in /home/yjlee/IdeaProjects/file-mime-checker)
2026-04-14T15:37:54.498+09:00  INFO 1634198 --- [file-mime-checker] [           main] c.s.f.FileMimeCheckerApplicationTests    : No active profile set, falling back to 1 default profile: "default"
2026-04-14T15:37:57.012+09:00  INFO 1634198 --- [file-mime-checker] [           main] c.s.f.FileMimeCheckerApplicationTests    : Started FileMimeCheckerApplicationTests in 3.106 seconds (process running for 5.604)
]]></system-out>
    <system-err><![CDATA[Mockito is currently self-attaching to enable the inline-mock-maker. This will no longer work in future releases of the JDK. Please add Mockito as an agent to your build as described in Mockito's documentation: https://javadoc.io/doc/org.mockito/mockito-core/latest/org.mockito/org/mockito/Mockito.html#0.3
WARNING: A Java agent has been loaded dynamically (/home/yjlee/.m2/repository/net/bytebuddy/byte-buddy-agent/1.17.8/byte-buddy-agent-1.17.8.jar)
WARNING: If a serviceability tool is in use, please run with -XX:+EnableDynamicAgentLoading to hide this warning
WARNING: If a serviceability tool is not in use, please run with -Djdk.instrument.traceUsage for more information
WARNING: Dynamic loading of agents will be disallowed by default in a future release
]]></system-err>
  </testcase>
</testsuite>